<?xml version="1.0" encoding="UTF-8"?>
<testsuite xmlns:xsi="http://www.w3.org/2001/XMLSchema-instance" xsi:noNamespaceSchemaLocation="https://maven.apache.org/surefire/maven-surefire-plugin/xsd/surefire-test-report-3.0.xsd" version="3.0" name="integration.gestione_sede.CatalogoSedeServletIntegrationTest" time="0.034" tests="4" errors="0" skipped="0" failures="0">
  <properties>
[...]
</properties>
  <testcase name="testDoGetWithValidSedeMercogliano" classname="integration.gestione_sede.CatalogoSedeServletIntegrationTest" time="0.009">
    <system-out><![CDATA[Database popolato con i dati iniziali.
Test completato: catalogo caricato correttamente per sede 'Mercogliano'.
]]></system-out>
  </testcase>
  <testcase name="testDoGetWithValidSedeLaquila" classname="integration.gestione_sede.CatalogoSedeServletIntegrationTest" time="0.008">
    <system-out><![CDATA[Database popolato con i dati iniziali.
Sede di test: idSede=1
Catalogo caricato correttamente per sede 'L'Aquila'.
]]></system-out>
  </testcase>
  <testcase name="testDoGetWithNullSede" classname="integration.gestione_sede.CatalogoSedeServletIntegrationTest" time="0.005">
    <system-out><![CDATA[Database popolato con i dati iniziali.
Sede di test: idSede=null
Forward a pagina di errore
]]></system-out>
  </testcase>
  <testcase name="testDoGetWithInvalidSede" classname="integration.gestione_sede.CatalogoSedeServletIntegrationTest" time="0.006">
    <system-out><![CDATA[Database popolato con i dati iniziali.
Sede di test: idSede=invalid
Forward a pagina di errore.
]]></system-out>
  </testcase>
</testsuite>